c:\users\tatia\onedrive\ipca\lp1\trabalho\lp1_tp_14887_14906\esi_lp1_tp_14887_14906\esi_lp1_tp_14887_14906\debug\vc142.pdb
c:\users\tatia\onedrive\ipca\lp1\trabalho\lp1_tp_14887_14906\esi_lp1_tp_14887_14906\esi_lp1_tp_14887_14906\debug\vc142.idb
c:\users\tatia\onedrive\ipca\lp1\trabalho\lp1_tp_14887_14906\esi_lp1_tp_14887_14906\esi_lp1_tp_14887_14906\debug\provas.obj
c:\users\tatia\onedrive\ipca\lp1\trabalho\lp1_tp_14887_14906\esi_lp1_tp_14887_14906\esi_lp1_tp_14887_14906\debug\etapas.obj
c:\users\tatia\onedrive\ipca\lp1\trabalho\lp1_tp_14887_14906\esi_lp1_tp_14887_14906\esi_lp1_tp_14887_14906\debug\concorrentes.obj
c:\users\tatia\onedrive\ipca\lp1\trabalho\lp1_tp_14887_14906\esi_lp1_tp_14887_14906\esi_lp1_tp_14887_14906\debug\main.obj
c:\users\tatia\onedrive\ipca\lp1\trabalho\lp1_tp_14887_14906\esi_lp1_tp_14887_14906\esi_lp1_tp_14887_14906\debug\main.obj.enc
c:\users\tatia\onedrive\ipca\lp1\trabalho\lp1_tp_14887_14906\esi_lp1_tp_14887_14906\debug\esi_lp1_tp_14887_14906.pdb
c:\users\tatia\onedrive\ipca\lp1\trabalho\lp1_tp_14887_14906\esi_lp1_tp_14887_14906\esi_lp1_tp_14887_14906\debug\esi_lp1_.3522c03a.tlog\cl.command.1.tlog
c:\users\tatia\onedrive\ipca\lp1\trabalho\lp1_tp_14887_14906\esi_lp1_tp_14887_14906\esi_lp1_tp_14887_14906\debug\esi_lp1_.3522c03a.tlog\cl.read.1.tlog
c:\users\tatia\onedrive\ipca\lp1\trabalho\lp1_tp_14887_14906\esi_lp1_tp_14887_14906\esi_lp1_tp_14887_14906\debug\esi_lp1_.3522c03a.tlog\cl.write.1.tlog
c:\users\tatia\onedrive\ipca\lp1\trabalho\lp1_tp_14887_14906\esi_lp1_tp_14887_14906\esi_lp1_tp_14887_14906\debug\esi_lp1_.3522c03a.tlog\link-cvtres.read.1.tlog
c:\users\tatia\onedrive\ipca\lp1\trabalho\lp1_tp_14887_14906\esi_lp1_tp_14887_14906\esi_lp1_tp_14887_14906\debug\esi_lp1_.3522c03a.tlog\link-cvtres.write.1.tlog
c:\users\tatia\onedrive\ipca\lp1\trabalho\lp1_tp_14887_14906\esi_lp1_tp_14887_14906\esi_lp1_tp_14887_14906\debug\esi_lp1_.3522c03a.tlog\link-rc.read.1.tlog
c:\users\tatia\onedrive\ipca\lp1\trabalho\lp1_tp_14887_14906\esi_lp1_tp_14887_14906\esi_lp1_tp_14887_14906\debug\esi_lp1_.3522c03a.tlog\link-rc.write.1.tlog
c:\users\tatia\onedrive\ipca\lp1\trabalho\lp1_tp_14887_14906\esi_lp1_tp_14887_14906\esi_lp1_tp_14887_14906\debug\esi_lp1_.3522c03a.tlog\link.19380-cvtres.read.1.tlog
c:\users\tatia\onedrive\ipca\lp1\trabalho\lp1_tp_14887_14906\esi_lp1_tp_14887_14906\esi_lp1_tp_14887_14906\debug\esi_lp1_.3522c03a.tlog\link.19380-cvtres.write.1.tlog
c:\users\tatia\onedrive\ipca\lp1\trabalho\lp1_tp_14887_14906\esi_lp1_tp_14887_14906\esi_lp1_tp_14887_14906\debug\esi_lp1_.3522c03a.tlog\link.19380-rc.read.1.tlog
c:\users\tatia\onedrive\ipca\lp1\trabalho\lp1_tp_14887_14906\esi_lp1_tp_14887_14906\esi_lp1_tp_14887_14906\debug\esi_lp1_.3522c03a.tlog\link.19380-rc.write.1.tlog
c:\users\tatia\onedrive\ipca\lp1\trabalho\lp1_tp_14887_14906\esi_lp1_tp_14887_14906\esi_lp1_tp_14887_14906\debug\esi_lp1_.3522c03a.tlog\link.19380.read.1.tlog
c:\users\tatia\onedrive\ipca\lp1\trabalho\lp1_tp_14887_14906\esi_lp1_tp_14887_14906\esi_lp1_tp_14887_14906\debug\esi_lp1_.3522c03a.tlog\link.19380.write.1.tlog
c:\users\tatia\onedrive\ipca\lp1\trabalho\lp1_tp_14887_14906\esi_lp1_tp_14887_14906\esi_lp1_tp_14887_14906\debug\esi_lp1_.3522c03a.tlog\link.command.1.tlog
c:\users\tatia\onedrive\ipca\lp1\trabalho\lp1_tp_14887_14906\esi_lp1_tp_14887_14906\esi_lp1_tp_14887_14906\debug\esi_lp1_.3522c03a.tlog\link.read.1.tlog
c:\users\tatia\onedrive\ipca\lp1\trabalho\lp1_tp_14887_14906\esi_lp1_tp_14887_14906\esi_lp1_tp_14887_14906\debug\esi_lp1_.3522c03a.tlog\link.write.1.tlog
